0x10 - INFO JSON - transformado exitosamente - 2022-11-28 18:57:48;
0x10 - INFO JSON - transformado exitosamente - 2022-11-28 18:58:14;
0x10 - INFO JSON - transformado exitosamente - 2022-11-28 19:07:58;
0x10 - INFO JSON - transformado exitosamente - 2022-11-28 19:08:26;
0x10 - INFO JSON - transformado exitosamente - 2022-11-28 19:08:58;
0x10 - INFO JSON - transformado exitosamente - 2022-11-28 19:09:27;
0x90 - exito - se genero correctamente la prediccion - 2022-11-28 19:09:27;
0x10 - INFO JSON - transformado exitosamente - 2022-11-28 19:18:31;
0x90 - exito - se genero correctamente la prediccion - 2022-11-28 19:18:31;
0x10 - INFO JSON - transformado exitosamente - 2022-11-28 19:19:03;
0x90 - exito - se genero correctamente la prediccion - 2022-11-28 19:19:03;
0x10 - INFO JSON - transformado exitosamente - 2022-11-28 19:19:46;
0x10 - INFO JSON - transformado exitosamente - 2022-11-28 19:20:49;
0x90 - exito - se genero correctamente la prediccion - con RF 2022-11-28 19:20:49;
0x10 - INFO JSON - transformado exitosamente - 2022-11-28 19:22:06;
0x90 - exito - se genero correctamente la prediccion - con RF 2022-11-28 19:22:06;
0x10 - INFO JSON - transformado exitosamente - 2022-11-28 19:26:13;
0x90 - exito - se genero correctamente la prediccion - con RF 2022-11-28 19:26:13;
0x10 - INFO JSON - transformado exitosamente - 2022-11-28 19:27:18;
0x90 - exito - se genero correctamente la prediccion - con RF 2022-11-28 19:27:18;
0x90 - exito - se genero correctamente la prediccion - con RL 2022-11-28 19:27:18;
0x10 - INFO JSON - transformado exitosamente - 2022-11-28 19:32:14;
0x90 - exito - se genero correctamente la prediccion - con RandomForest2022-11-28 19:32:14;
0x90 - exito - se genero correctamente la prediccion - con RegresionLineal2022-11-28 19:32:14;
0x90 - exito - se genero correctamente la prediccion - con GradientBoostingClassifier2022-11-28 19:32:15;
0x10 - INFO JSON - transformado exitosamente - 2022-11-28 19:38:15;
0x90 - exito - se genero correctamente la prediccion - con RandomForest2022-11-28 19:38:15;
0x90 - exito - se genero correctamente la prediccion - con LogisticRegression2022-11-28 19:38:15;
0x90 - exito - se genero correctamente la prediccion - con GradientBoostingClassifier2022-11-28 19:38:15;
0x10 - INFO JSON - transformado exitosamente - 2022-11-28 19:43:54;
0x10 - INFO JSON - transformado exitosamente - 2022-11-28 19:44:28;
0x90 - exito - se genero correctamente la prediccion - con RandomForest2022-11-28 19:44:28;
0x90 - exito - se genero correctamente la prediccion - con LogisticRegression2022-11-28 19:44:28;
0x90 - exito - se genero correctamente la prediccion - con GradientBoostingClassifier2022-11-28 19:44:28;
